C51 COMPILER V9.60.0.0   COMMON                                                            07/28/2022 10:29:27 PAGE 1   


C51 COMPILER V9.60.0.0, COMPILATION OF MODULE COMMON
OBJECT MODULE PLACED IN .\Objects\common.obj
COMPILER INVOKED BY: C:\Keil_v5\C51\BIN\C51.EXE StdDriver\src\common.c LARGE OPTIMIZE(8,SPEED) BROWSE INCDIR(.\Device\In
                    -clude;.\StdDriver\inc;.\Application) DEBUG OBJECTEXTEND PRINT(.\Listings\common.lst) TABS(2) OBJECT(.\Objects\common.obj
                    -)

line level    source

   1          /*--------------------------------------------------------------------------------------------------------
             --*/
   2          /*                                                                                                        
             - */
   3          /* Copyright(c) 2019 Nuvoton Technology Corp. All rights reserved.                                        
             - */
   4          /*                                                                                                        
             - */
   5          /*--------------------------------------------------------------------------------------------------------
             --*/
   6          
   7          #include "MS51_16K.h"
   8          
   9          /**
  10           * @brief       Read Dataflash
  11           * @param       Dataflash start address
  12           * @return      Dataflash Value
  13           * @details     None
  14           */
  15          unsigned char Read_APROM_BYTE(unsigned int code *u16_addr)
  16          {
  17   1          unsigned char rdata;
  18   1          rdata = *u16_addr >> 8;
  19   1          return rdata;
  20   1      }


MODULE INFORMATION:   STATIC OVERLAYABLE
   CODE SIZE        =      8    ----
   CONSTANT SIZE    =   ----    ----
   XDATA SIZE       =   ----    ----
   PDATA SIZE       =   ----    ----
   DATA SIZE        =   ----    ----
   IDATA SIZE       =   ----    ----
   BIT SIZE         =   ----    ----
END OF MODULE INFORMATION.


C51 COMPILATION COMPLETE.  0 WARNING(S),  0 ERROR(S)
