C51 COMPILER V9.60.0.0   PWM_DEADTIME                                                      07/28/2022 11:10:23 PAGE 1   


C51 COMPILER V9.60.0.0, COMPILATION OF MODULE PWM_DEADTIME
OBJECT MODULE PLACED IN .\Objects\PWM_Deadtime.obj
COMPILER INVOKED BY: C:\Keil_v5\C51\BIN\C51.EXE Application\PWM_Deadtime.C LARGE OPTIMIZE(7,SPEED) BROWSE INCDIR(.\Devic
                    -e\Include;.\StdDriver\inc;.\Application) DEBUG OBJECTEXTEND PRINT(.\Listings\PWM_Deadtime.lst) TABS(2) OBJECT(.\Objects\
                    -PWM_Deadtime.obj)

line level    source

   1          /*--------------------------------------------------------------------------------------------------------
             --*/
   2          /*                                                                                                        
             - */
   3          /* Copyright(c) 2020 nuvoton Technology Corp. All rights reserved.                                        
             - */
   4          /*                                                                                                        
             - */
   5          /*--------------------------------------------------------------------------------------------------------
             --*/
   6          
   7          /*********************************************************************************************************
             -**/
   8          /* Website: http://www.nuvoton.com                                                                        
             - */
   9          /*  E-Mail : MicroC-8bit@nuvoton.com                                                                      
             - */
  10          /*  Date   : June/21/2020                                                                                 
             -  */
  11          /*********************************************************************************************************
             -**/
  12          
  13          /*********************************************************************************************************
             -***/
  14          /*  File Function: MS51 DEMO project                                                                      
             -  */
  15          /*********************************************************************************************************
             -***/
  16          
  17          #include "MS51_16K.h"
  18          #include "adc_2.h"
  19          #include "pwm_2.h"
  20          #include "mppt_track_1.h"
  21          #include "condition.h"
  22          ///////Variable declaration///////////
  23          
  24          
  25          
  26          unsigned int  SPV_VOLT11 = 0,pwm1=0;
  27          xdata int adc_read_delay=0,print_delay = 0;
  28          
  29          bit mppt_f;
  30          
  31          xdata char BAT[10],SPV[10],LODV[10],Temp[10],Chg_c[10],disChg_c[10];
  32          char is_pwm_on;
  33          ////////////////////////////////////
  34          extern float SPV_VOLT,BAT_VOLT,Load_Voltage,CHG_CRT,DCHG_CRT;
  35          extern unsigned int Temperature;
  36          extern chgg,dischgg;
  37          //extern MPPT_Track_State;
  38          ///////////////////////////////////////////////////
  39          void printing_param();
  40          
C51 COMPILER V9.60.0.0   PWM_DEADTIME                                                      07/28/2022 11:10:23 PAGE 2   

  41          //////////////////////////////////////////////////
  42          
  43          
  44          
  45          
  46          
  47          
  48          
  49          
  50          
  51          
  52          
  53          void main (void) 
  54          {
  55   1        
  56   1      P14_PUSHPULL_MODE ;
  57   1        pwm_init();
  58   1        ADC_init();
  59   1      ////////Rx Tx/////////////////////  
  60   1        P06_QUASI_MODE;
  61   1        P07_QUASI_MODE;
  62   1        
  63   1          MODIFY_HIRC(HIRC_24);
  64   1          UART_Open(24000000,UART0_Timer3,115200);
  65   1          
  66   1          ENABLE_UART0_PRINTF;
  67   1      /////////////////////////////////////   
  68   1       
  69   1       ///////////////////////////////////////  
  70   1        while(1)
  71   1        {
  72   2        
  73   2          //P14 =~P14;
  74   2          // adc_read_delay++;
  75   2        //if(adc_read_delay>90)
  76   2        //  {
  77   2             Calulation_using_ADC();
  78   2            
  79   2          solar_charging_on_condition();
  80   2      //     adc_read_delay =0;
  81   2      //    solar_fault();
  82   2        //  }
  83   2          
  84   2            
  85   2         
  86   2         
  87   2          print_delay++;
  88   2         if(print_delay>1000)
  89   2         {
  90   3           print_delay =0;
  91   3           printing_param();
  92   3         
  93   3         }
  94   2      
  95   2       }
  96   1      
  97   1      }
  98          
  99          
 100          void printing_param()
 101          {
 102   1        
C51 COMPILER V9.60.0.0   PWM_DEADTIME                                                      07/28/2022 11:10:23 PAGE 3   

 103   1           sprintf(BAT,"B_V:%0.2f ",BAT_VOLT);
 104   1           printf(BAT);
 105   1           sprintf(SPV,"S_V:%0.2f ",SPV_VOLT);
 106   1           printf(SPV);
 107   1           sprintf(LODV,"L_V:%0.2f ",Load_Voltage);
 108   1           printf(LODV);
 109   1           sprintf(Temp,"Temp:%d ",Temperature);
 110   1           printf(Temp);
 111   1           sprintf(Chg_c,"CHG:%0.2f ",CHG_CRT); 
 112   1           printf(Chg_c);
 113   1           sprintf(disChg_c,"DCHG:%0.2f\n",DCHG_CRT);
 114   1           printf(disChg_c);
 115   1      
 116   1      
 117   1      }


MODULE INFORMATION:   STATIC OVERLAYABLE
   CODE SIZE        =    469    ----
   CONSTANT SIZE    =     65    ----
   XDATA SIZE       =     69    ----
   PDATA SIZE       =   ----    ----
   DATA SIZE        =   ----    ----
   IDATA SIZE       =   ----    ----
   BIT SIZE         =      1    ----
END OF MODULE INFORMATION.


C51 COMPILATION COMPLETE.  0 WARNING(S),  0 ERROR(S)
