C51 COMPILER V9.60.0.0   PWM_2                                                             07/28/2022 10:29:30 PAGE 1   


C51 COMPILER V9.60.0.0, COMPILATION OF MODULE PWM_2
OBJECT MODULE PLACED IN .\Objects\pwm_2.obj
COMPILER INVOKED BY: C:\Keil_v5\C51\BIN\C51.EXE Application\pwm_2.c LARGE OPTIMIZE(8,SPEED) BROWSE INCDIR(.\Device\Inclu
                    -de;.\StdDriver\inc;.\Application) DEBUG OBJECTEXTEND PRINT(.\Listings\pwm_2.lst) TABS(2) OBJECT(.\Objects\pwm_2.obj)

line level    source

   1          #include "MS51_16K.h"
   2          #include "adc_2.h"
   3          #include "pwm_2.h"
   4          #include "mppt_track_1.h"
   5          
   6          #define TH0_INIT        0xA2 
   7          #define TL0_INIT        0x42
   8          
   9          xdata  unsigned long  int ms = 0;
  10          
  11          void Timer0_ISR (void) interrupt 1  //interrupt address is 0x000B
  12          {
  13   1          _push_(SFRS);
  14   1        
  15   1          TH0 = TH0_INIT;
  16   1          TL0 = TL0_INIT;    
  17   1          TF0 = 0;
  18   1          P14 = ~P14;                     // GPIO1 toggle when interrupt
  19   1        ms++;
  20   1        if(ms>0xffffffff)
  21   1         {
  22   2           ms =0; 
  23   2         }
  24   1          _pop_(SFRS);
  25   1      }
  26          
  27          unsigned long  int systick()
  28          {
  29   1      
  30   1         return ms;
  31   1      
  32   1      
  33   1      }
  34          
  35          
  36          void pwm_init()
  37          {
  38   1        ///////Charging Pin////////////
  39   1         P00_PUSHPULL_MODE;
  40   1         P10_PUSHPULL_MODE;
  41   1         P00 = 0;
  42   1         P10 = 0;
  43   1        ///////Charging Pin////////////
  44   1       
  45   1      
  46   1      }
  47          
  48          
  49          void set_PWM_period(unsigned int value)
  50          {
  51   1        PWMPL = (value & 0x00FF);
  52   1        PWMPH = ((value & 0xFF00) >> 8);
  53   1      }
  54          
C51 COMPILER V9.60.0.0   PWM_2                                                             07/28/2022 10:29:30 PAGE 2   

  55          
  56          void set_PWM0(unsigned int value)
  57          {
  58   1        PWM0L = (value & 0x00FF);
  59   1        PWM0H = ((value & 0xFF00) >> 8);
  60   1        set_PWMCON0_LOAD;
  61   1      }
  62          
  63          void set_PWM2(unsigned int value)
  64          {
  65   1        PWM2L = (value & 0x00FF);
  66   1        PWM2H = ((value & 0xFF00) >> 8);
  67   1       set_PWMCON0_LOAD;
  68   1      }
  69          
  70          
  71          void set_PWM3(unsigned int value)
  72          {
  73   1        PWM3L = (value & 0x00FF);
  74   1        PWM3H = ((value & 0xFF00) >> 8);
  75   1       set_PWMCON0_LOAD;
  76   1      }
  77          
  78          
  79          /*PWM deadtime define */
  80          void PWM_DEAD_TIME_VALUE(unsigned int  DeadTimeData)
  81          {
  82   1        unsigned char deadtmphigh,deadtmplow;
  83   1        deadtmplow = DeadTimeData;
  84   1        deadtmphigh = DeadTimeData>>8;
  85   1        BIT_TMP = EA;
  86   1        EA = 0;
  87   1        if (deadtmphigh==0x01)
  88   1        {
  89   2          TA = 0xAA;
  90   2          TA = 0x55;
  91   2          PDTEN|=0x10;
  92   2        }
  93   1        TA = 0xAA;
  94   1        TA = 0x55;
  95   1        PDTCNT = deadtmplow;
  96   1        EA = BIT_TMP;
  97   1      }
  98          
  99          void charging_side_initilzation()
 100          {
 101   1               PWM3_P00_OUTPUT_ENABLE;  
 102   1               PWM2_P10_OUTPUT_ENABLE;
 103   1         
 104   1              PWM_COMPLEMENTARY_MODE;
 105   1              PWM_CLOCK_DIV_8;
 106   1        
 107   1      //        PWMPH = 0x00;
 108   1      //        PWMPL = 0x64;
 109   1          
 110   1           set_PWM_period(100);// around 20khz set 
 111   1           set_PWM2(75);
 112   1            
 113   1      //        PWM2H = 0x00;
 114   1      //        PWM2L = 0x5A;
 115   1            
 116   1              PWM23_DEADTIME_ENABLE ;
C51 COMPILER V9.60.0.0   PWM_2                                                             07/28/2022 10:29:30 PAGE 3   

 117   1              PWM_DEAD_TIME_VALUE(64);// 64 = 4us,32 = 2us,160 = 10 us
 118   1            
 119   1              set_PWMCON0_LOAD;
 120   1              set_PWMCON0_PWMRUN;
 121   1      ////////////////////////////////  
 122   1          ENABLE_TIMER0_MODE1;
 123   1          TIMER0_FSYS;
 124   1      
 125   1          TH0 = TH0_INIT;
 126   1          TL0 = TL0_INIT;
 127   1          
 128   1          ENABLE_TIMER0_INTERRUPT;                       //enable Timer0 interrupt
 129   1          ENABLE_GLOBAL_INTERRUPT;                       //enable interrupts
 130   1        
 131   1          set_TCON_TR0;     
 132   1      ///////////////////////////////////////////
 133   1      
 134   1      }
 135          
 136          void charging_pwm_off()
 137          {
 138   1        PWM3_P00_OUTPUT_DISABLE; 
 139   1        PWM2_P10_OUTPUT_DISABLE;
 140   1      
 141   1      }


MODULE INFORMATION:   STATIC OVERLAYABLE
   CODE SIZE        =    364    ----
   CONSTANT SIZE    =   ----    ----
   XDATA SIZE       =      4    ----
   PDATA SIZE       =   ----    ----
   DATA SIZE        =   ----    ----
   IDATA SIZE       =   ----    ----
   BIT SIZE         =   ----    ----
END OF MODULE INFORMATION.


C51 COMPILATION COMPLETE.  0 WARNING(S),  0 ERROR(S)
